# JRE version: Java(TM) SE Runtime Environment (8.0_151-b12) (build 1.8.0_151-b12)
# Java VM: Java HotSpot(TM) 64-Bit Server VM (25.151-b12 mixed mode linux-amd64 compressed oops)
Heap:
 garbage-first heap   total 262144K, used 138939K [0x00000000c0000000, 0x00000000c0100800, 0x0000000100000000)
  region size 1024K, 61 young (62464K), 9 survivors (9216K)
 Metaspace       used 81330K, capacity 90544K, committed 90748K, reserved 1126400K
  class space    used 10200K, capacity 12861K, committed 12924K, reserved 1048576K
GC Heap History (10 events):
Event: 1.499 GC heap before
{Heap before GC invocations=3 (full 0):
 garbage-first heap   total 262144K, used 40229K [0x00000000c0000000, 0x00000000c0100800, 0x0000000100000000)
  region size 1024K, 12 young (12288K), 4 survivors (4096K)
 Metaspace       used 19178K, capacity 21162K, committed 21248K, reserved 1069056K
  class space    used 1973K, capacity 2503K, committed 2560K, reserved 1048576K
Event: 1.504 GC heap after
Heap after GC invocations=4 (full 0):
 garbage-first heap   total 262144K, used 24916K [0x00000000c0000000, 0x00000000c0100800, 0x0000000100000000)
  region size 1024K, 7 young (7168K), 7 survivors (7168K)
 Metaspace       used 19178K, capacity 21162K, committed 21248K, reserved 1069056K
  class space    used 1973K, capacity 2503K, committed 2560K, reserved 1048576K
}
Event: 17.367 GC heap before
{Heap before GC invocations=5 (full 0):
 garbage-first heap   total 262144K, used 83284K [0x00000000c0000000, 0x00000000c0100800, 0x0000000100000000)
  region size 1024K, 70 young (71680K), 7 survivors (7168K)
 Metaspace       used 33012K, capacity 36382K, committed 36476K, reserved 1081344K
  class space    used 3893K, capacity 4907K, committed 4988K, reserved 1048576K
Event: 17.380 GC heap after
Heap after GC invocations=6 (full 0):
 garbage-first heap   total 262144K, used 34812K [0x00000000c0000000, 0x00000000c0100800, 0x0000000100000000)
  region size 1024K, 20 young (20480K), 20 survivors (20480K)
 Metaspace       used 33012K, capacity 36382K, committed 36476K, reserved 1081344K
  class space    used 3893K, capacity 4907K, committed 4988K, reserved 1048576K
}
Event: 18.840 GC heap before
{Heap before GC invocations=7 (full 0):
 garbage-first heap   total 262144K, used 171004K [0x00000000c0000000, 0x00000000c0100800, 0x0000000100000000)
  region size 1024K, 153 young (156672K), 20 survivors (20480K)
 Metaspace       used 54771K, capacity 60968K, committed 61308K, reserved 1101824K
  class space    used 6699K, capacity 8725K, committed 8828K, reserved 1048576K
Event: 18.868 GC heap after
Heap after GC invocations=8 (full 0):
 garbage-first heap   total 262144K, used 58301K [0x00000000c0000000, 0x00000000c0100800, 0x0000000100000000)
  region size 1024K, 20 young (20480K), 20 survivors (20480K)
 Metaspace       used 54771K, capacity 60968K, committed 61308K, reserved 1101824K
  class space    used 6699K, capacity 8725K, committed 8828K, reserved 1048576K
}
Event: 20.724 GC heap before
{Heap before GC invocations=9 (full 0):
 garbage-first heap   total 262144K, used 193469K [0x00000000c0000000, 0x00000000c0100800, 0x0000000100000000)
  region size 1024K, 153 young (156672K), 20 survivors (20480K)
 Metaspace       used 73097K, capacity 81360K, committed 81532K, reserved 1120256K
  class space    used 9133K, capacity 11622K, committed 11644K, reserved 1048576K
Event: 20.750 GC heap after
Heap after GC invocations=10 (full 0):
 garbage-first heap   total 262144K, used 85504K [0x00000000c0000000, 0x00000000c0100800, 0x0000000100000000)
  region size 1024K, 20 young (20480K), 20 survivors (20480K)
 Metaspace       used 73097K, capacity 81360K, committed 81532K, reserved 1120256K
  class space    used 9133K, capacity 11622K, committed 11644K, reserved 1048576K
}
Event: 58.243 GC heap before
{Heap before GC invocations=10 (full 0):
 garbage-first heap   total 262144K, used 216808K [0x00000000c0000000, 0x00000000c0100800, 0x0000000100000000)
  region size 1024K, 145 young (148480K), 20 survivors (20480K)
 Metaspace       used 78753K, capacity 87374K, committed 87548K, reserved 1124352K
  class space    used 9900K, capacity 12503K, committed 12540K, reserved 1048576K
Event: 58.260 GC heap after
Heap after GC invocations=11 (full 0):
 garbage-first heap   total 262144K, used 86715K [0x00000000c0000000, 0x00000000c0100800, 0x0000000100000000)
  region size 1024K, 9 young (9216K), 9 survivors (9216K)
 Metaspace       used 78753K, capacity 87374K, committed 87548K, reserved 1124352K
  class space    used 9900K, capacity 12503K, committed 12540K, reserved 1048576K
}

